[22:52:25.620] Global cache location '/home/tumon/.cache/typescript/4.7', safe file path '/home/tumon/.emacs.d/.local/etc/.cache/lsp/npm/typescript/lib/node_modules/typescript/lib/typingSafeList.json', types map path /home/tumon/.emacs.d/.local/etc/.cache/lsp/npm/typescript/lib/node_modules/typescript/lib/typesMap.json
[22:52:25.621] Processing cache location '/home/tumon/.cache/typescript/4.7'
[22:52:25.621] Trying to find '/home/tumon/.cache/typescript/4.7/package.json'...
[22:52:25.624] Loaded content of '/home/tumon/.cache/typescript/4.7/package.json': {"private":true,"dependencies":{"types-registry":"^0.1.599"},"devDependencies":{"@types/adm-zip":"^0.5.0","@types/aos":"^3.0.4","@types/babel__core":"^7.1.19","@types/bn.js":"^5.1.0","@types/canvas-confetti":"^1.4.2","@types/cookie":"^0.5.1","@types/eslint":"^8.4.5","@types/eslint-config-prettier":"^6.11.0","@types/eslint-plugin-prettier":"^3.1.0","@types/express":"^4.17.13","@types/humps":"^2.0.1","@types/ledgerhq__hw-transport":"^4.21.4","@types/ledgerhq__hw-transport-webusb":"^4.70.1","@types/lodash":"^4.14.182","@types/node":"^17.0.41","@types/node-fetch":"^2.6.2","@types/nodemailer":"^6.4.4","@types/nprogress":"^0.2.0","@types/prettier":"^2.6.3","@types/progress":"^2.0.5","@types/react":"^18.0.14","@types/react-dom":"^18.0.5","@types/react-redux":"^7.1.24","@types/sass":"^1.43.1","@types/sass-loader":"^8.0.3","@types/superagent":"^4.1.15","@types/tailwindcss":"^3.0.11","@types/testing-library__jest-dom":"^5.14.5"}}
[22:52:25.624] Loaded content of '/home/tumon/.cache/typescript/4.7/package-lock.json'
[22:52:25.635] Adding entry into typings cache: 'adm-zip' => '/home/tumon/.cache/typescript/4.7/node_modules/@types/adm-zip/index.d.ts'
[22:52:25.637] Adding entry into typings cache: 'aos' => '/home/tumon/.cache/typescript/4.7/node_modules/@types/aos/index.d.ts'
[22:52:25.639] Adding entry into typings cache: 'babel__core' => '/home/tumon/.cache/typescript/4.7/node_modules/@types/babel__core/index.d.ts'
[22:52:25.642] Adding entry into typings cache: 'bn.js' => '/home/tumon/.cache/typescript/4.7/node_modules/@types/bn.js/index.d.ts'
[22:52:25.644] Adding entry into typings cache: 'canvas-confetti' => '/home/tumon/.cache/typescript/4.7/node_modules/@types/canvas-confetti/index.d.ts'
[22:52:25.645] Adding entry into typings cache: 'cookie' => '/home/tumon/.cache/typescript/4.7/node_modules/@types/cookie/index.d.ts'
[22:52:25.648] Adding entry into typings cache: 'eslint' => '/home/tumon/.cache/typescript/4.7/node_modules/@types/eslint/index.d.ts'
[22:52:25.649] Adding entry into typings cache: 'eslint-config-prettier' => '/home/tumon/.cache/typescript/4.7/node_modules/@types/eslint-config-prettier/index.d.ts'
[22:52:25.651] Adding entry into typings cache: 'eslint-plugin-prettier' => '/home/tumon/.cache/typescript/4.7/node_modules/@types/eslint-plugin-prettier/index.d.ts'
[22:52:25.653] Adding entry into typings cache: 'express' => '/home/tumon/.cache/typescript/4.7/node_modules/@types/express/index.d.ts'
[22:52:25.655] Adding entry into typings cache: 'humps' => '/home/tumon/.cache/typescript/4.7/node_modules/@types/humps/index.d.ts'
[22:52:25.656] Adding entry into typings cache: 'ledgerhq__hw-transport' => '/home/tumon/.cache/typescript/4.7/node_modules/@types/ledgerhq__hw-transport/index.d.ts'
[22:52:25.658] Adding entry into typings cache: 'ledgerhq__hw-transport-webusb' => '/home/tumon/.cache/typescript/4.7/node_modules/@types/ledgerhq__hw-transport-webusb/index.d.ts'
[22:52:25.661] Adding entry into typings cache: 'lodash' => '/home/tumon/.cache/typescript/4.7/node_modules/@types/lodash/index.d.ts'
[22:52:25.664] Adding entry into typings cache: 'node' => '/home/tumon/.cache/typescript/4.7/node_modules/@types/node/index.d.ts'
[22:52:25.666] Adding entry into typings cache: 'node-fetch' => '/home/tumon/.cache/typescript/4.7/node_modules/@types/node-fetch/index.d.ts'
[22:52:25.668] Adding entry into typings cache: 'nodemailer' => '/home/tumon/.cache/typescript/4.7/node_modules/@types/nodemailer/index.d.ts'
[22:52:25.670] Adding entry into typings cache: 'nprogress' => '/home/tumon/.cache/typescript/4.7/node_modules/@types/nprogress/index.d.ts'
[22:52:25.672] Adding entry into typings cache: 'prettier' => '/home/tumon/.cache/typescript/4.7/node_modules/@types/prettier/index.d.ts'
[22:52:25.673] Adding entry into typings cache: 'progress' => '/home/tumon/.cache/typescript/4.7/node_modules/@types/progress/index.d.ts'
[22:52:25.676] Adding entry into typings cache: 'react' => '/home/tumon/.cache/typescript/4.7/node_modules/@types/react/index.d.ts'
[22:52:25.678] Adding entry into typings cache: 'react-dom' => '/home/tumon/.cache/typescript/4.7/node_modules/@types/react-dom/index.d.ts'
[22:52:25.680] Adding entry into typings cache: 'react-redux' => '/home/tumon/.cache/typescript/4.7/node_modules/@types/react-redux/index.d.ts'
[22:52:25.682] Adding entry into typings cache: 'sass' => '/home/tumon/.cache/typescript/4.7/node_modules/@types/sass/index.d.ts'
[22:52:25.683] Adding entry into typings cache: 'sass-loader' => '/home/tumon/.cache/typescript/4.7/node_modules/@types/sass-loader/index.d.ts'
[22:52:25.684] Adding entry into typings cache: 'superagent' => '/home/tumon/.cache/typescript/4.7/node_modules/@types/superagent/index.d.ts'
[22:52:25.685] Adding entry into typings cache: 'tailwindcss' => '/home/tumon/.cache/typescript/4.7/node_modules/@types/tailwindcss/index.d.ts'
[22:52:25.687] Adding entry into typings cache: 'testing-library__jest-dom' => '/home/tumon/.cache/typescript/4.7/node_modules/@types/testing-library__jest-dom/index.d.ts'
[22:52:25.687] Finished processing cache location '/home/tumon/.cache/typescript/4.7'
[22:52:25.687] Process id: 12665
[22:52:25.687] NPM location: /home/tumon/n/bin/npm (explicit '--npmLocation' not  provided)
[22:52:25.687] validateDefaultNpmLocation: false
[22:52:25.687] Npm config file: /home/tumon/.cache/typescript/4.7/package.json
[22:52:25.687] Updating types-registry npm package...
[22:52:25.687] Exec: /home/tumon/n/bin/npm install --ignore-scripts types-registry@latest
[22:52:26.849]     Succeeded. stdout:
    
    up to date, audited 90 packages in 923ms

4 packages are looking for funding
  run `npm fund` for details

found 0 vulnerabilities

[22:52:26.849] Updated types-registry npm package
[22:52:28.091] Got install request {"projectName":"/dev/null/inferredProject1*","fileNames":["/home/tumon/.emacs.d/.local/etc/.cache/lsp/npm/typescript/lib/node_modules/typescript/lib/lib.es5.d.ts","/home/tumon/.emacs.d/.local/etc/.cache/lsp/npm/typescript/lib/node_modules/typescript/lib/lib.es2015.d.ts","/home/tumon/.emacs.d/.local/etc/.cache/lsp/npm/typescript/lib/node_modules/typescript/lib/lib.es2016.d.ts","/home/tumon/.emacs.d/.local/etc/.cache/lsp/npm/typescript/lib/node_modules/typescript/lib/lib.dom.d.ts","/home/tumon/.emacs.d/.local/etc/.cache/lsp/npm/typescript/lib/node_modules/typescript/lib/lib.dom.iterable.d.ts","/home/tumon/.emacs.d/.local/etc/.cache/lsp/npm/typescript/lib/node_modules/typescript/lib/lib.webworker.importscripts.d.ts","/home/tumon/.emacs.d/.local/etc/.cache/lsp/npm/typescript/lib/node_modules/typescript/lib/lib.scripthost.d.ts","/home/tumon/.emacs.d/.local/etc/.cache/lsp/npm/typescript/lib/node_modules/typescript/lib/lib.es2015.core.d.ts","/home/tumon/.emacs.d/.local/etc/.cache/lsp/npm/typescript/lib/node_modules/typescript/lib/lib.es2015.collection.d.ts","/home/tumon/.emacs.d/.local/etc/.cache/lsp/npm/typescript/lib/node_modules/typescript/lib/lib.es2015.generator.d.ts","/home/tumon/.emacs.d/.local/etc/.cache/lsp/npm/typescript/lib/node_modules/typescript/lib/lib.es2015.iterable.d.ts","/home/tumon/.emacs.d/.local/etc/.cache/lsp/npm/typescript/lib/node_modules/typescript/lib/lib.es2015.promise.d.ts","/home/tumon/.emacs.d/.local/etc/.cache/lsp/npm/typescript/lib/node_modules/typescript/lib/lib.es2015.proxy.d.ts","/home/tumon/.emacs.d/.local/etc/.cache/lsp/npm/typescript/lib/node_modules/typescript/lib/lib.es2015.reflect.d.ts","/home/tumon/.emacs.d/.local/etc/.cache/lsp/npm/typescript/lib/node_modules/typescript/lib/lib.es2015.symbol.d.ts","/home/tumon/.emacs.d/.local/etc/.cache/lsp/npm/typescript/lib/node_modules/typescript/lib/lib.es2015.symbol.wellknown.d.ts","/home/tumon/.emacs.d/.local/etc/.cache/lsp/npm/typescript/lib/node_modules/typescript/lib/lib.es2016.array.include.d.ts","/home/tumon/.emacs.d/.local/etc/.cache/lsp/npm/typescript/lib/node_modules/typescript/lib/lib.es2016.full.d.ts","/home/tumon/js/real-estate/comps/IsLoggedIn.jsx"],"compilerOptions":{"module":1,"target":3,"jsx":1,"allowJs":true,"allowSyntheticDefaultImports":true,"allowNonTsExtensions":true,"noEmitForJsFiles":true,"maxNodeModuleJsDepth":2},"typeAcquisition":{"enable":true,"include":[],"exclude":[]},"unresolvedImports":[],"projectRootPath":"/home/tumon/js/real-estate/comps","kind":"discover"}
[22:52:28.103] Loaded safelist from types map file '/home/tumon/.emacs.d/.local/etc/.cache/lsp/npm/typescript/lib/node_modules/typescript/lib/typesMap.json'
[22:52:28.103] Explicitly included types: []
[22:52:28.103] Inferred 'react' typings due to presence of '.jsx' extension
[22:52:28.104] Inferred typings from unresolved imports: []
[22:52:28.104] Result: {"cachedTypingPaths":["/home/tumon/.cache/typescript/4.7/node_modules/@types/react/index.d.ts"],"newTypingNames":[],"filesToWatch":["/home/tumon/js/real-estate/comps/bower_components","/home/tumon/js/real-estate/comps/node_modules"]}
[22:52:28.104] Finished typings discovery: {"cachedTypingPaths":["/home/tumon/.cache/typescript/4.7/node_modules/@types/react/index.d.ts"],"newTypingNames":[],"filesToWatch":["/home/tumon/js/real-estate/comps/bower_components","/home/tumon/js/real-estate/comps/node_modules"]}
[22:52:28.104] DirectoryWatcher:: Added:: WatchInfo: /home/tumon/js/real-estate/comps/bower_components
[22:52:28.104] DirectoryWatcher:: Added:: WatchInfo: /home/tumon/js/real-estate/comps/bower_components 1 undefined Project: /dev/null/inferredProject1* watcher already invoked: false
[22:52:28.106] Elapsed:: 1.1534970002248883ms DirectoryWatcher:: Added:: WatchInfo: /home/tumon/js/real-estate/comps/bower_components 1 undefined Project: /dev/null/inferredProject1* watcher already invoked: false
[22:52:28.106] DirectoryWatcher:: Added:: WatchInfo: /home/tumon/js/real-estate/comps/node_modules
[22:52:28.106] DirectoryWatcher:: Added:: WatchInfo: /home/tumon/js/real-estate/comps/node_modules 1 undefined Project: /dev/null/inferredProject1* watcher already invoked: false
[22:52:28.106] Elapsed:: 0.10013999976217747ms DirectoryWatcher:: Added:: WatchInfo: /home/tumon/js/real-estate/comps/node_modules 1 undefined Project: /dev/null/inferredProject1* watcher already invoked: false
[22:52:28.106] Sending response:
    {"projectName":"/dev/null/inferredProject1*","typeAcquisition":{"enable":true,"include":[],"exclude":[]},"compilerOptions":{"module":1,"target":3,"jsx":1,"allowJs":true,"allowSyntheticDefaultImports":true,"allowNonTsExtensions":true,"noEmitForJsFiles":true,"maxNodeModuleJsDepth":2},"typings":["/home/tumon/.cache/typescript/4.7/node_modules/@types/react/index.d.ts"],"unresolvedImports":[],"kind":"action::set"}
[22:52:28.106] Response has been sent.
[22:52:28.106] No new typings were requested as a result of typings discovery
[22:55:31.210] Got install request {"projectName":"/dev/null/inferredProject1*","fileNames":["/home/tumon/.emacs.d/.local/etc/.cache/lsp/npm/typescript/lib/node_modules/typescript/lib/lib.es5.d.ts","/home/tumon/.emacs.d/.local/etc/.cache/lsp/npm/typescript/lib/node_modules/typescript/lib/lib.es2015.d.ts","/home/tumon/.emacs.d/.local/etc/.cache/lsp/npm/typescript/lib/node_modules/typescript/lib/lib.es2016.d.ts","/home/tumon/.emacs.d/.local/etc/.cache/lsp/npm/typescript/lib/node_modules/typescript/lib/lib.dom.d.ts","/home/tumon/.emacs.d/.local/etc/.cache/lsp/npm/typescript/lib/node_modules/typescript/lib/lib.dom.iterable.d.ts","/home/tumon/.emacs.d/.local/etc/.cache/lsp/npm/typescript/lib/node_modules/typescript/lib/lib.webworker.importscripts.d.ts","/home/tumon/.emacs.d/.local/etc/.cache/lsp/npm/typescript/lib/node_modules/typescript/lib/lib.scripthost.d.ts","/home/tumon/.emacs.d/.local/etc/.cache/lsp/npm/typescript/lib/node_modules/typescript/lib/lib.es2015.core.d.ts","/home/tumon/.emacs.d/.local/etc/.cache/lsp/npm/typescript/lib/node_modules/typescript/lib/lib.es2015.collection.d.ts","/home/tumon/.emacs.d/.local/etc/.cache/lsp/npm/typescript/lib/node_modules/typescript/lib/lib.es2015.generator.d.ts","/home/tumon/.emacs.d/.local/etc/.cache/lsp/npm/typescript/lib/node_modules/typescript/lib/lib.es2015.iterable.d.ts","/home/tumon/.emacs.d/.local/etc/.cache/lsp/npm/typescript/lib/node_modules/typescript/lib/lib.es2015.promise.d.ts","/home/tumon/.emacs.d/.local/etc/.cache/lsp/npm/typescript/lib/node_modules/typescript/lib/lib.es2015.proxy.d.ts","/home/tumon/.emacs.d/.local/etc/.cache/lsp/npm/typescript/lib/node_modules/typescript/lib/lib.es2015.reflect.d.ts","/home/tumon/.emacs.d/.local/etc/.cache/lsp/npm/typescript/lib/node_modules/typescript/lib/lib.es2015.symbol.d.ts","/home/tumon/.emacs.d/.local/etc/.cache/lsp/npm/typescript/lib/node_modules/typescript/lib/lib.es2015.symbol.wellknown.d.ts","/home/tumon/.emacs.d/.local/etc/.cache/lsp/npm/typescript/lib/node_modules/typescript/lib/lib.es2016.array.include.d.ts","/home/tumon/.emacs.d/.local/etc/.cache/lsp/npm/typescript/lib/node_modules/typescript/lib/lib.es2016.full.d.ts","/home/tumon/.cache/typescript/4.7/node_modules/@types/react/global.d.ts","/home/tumon/.cache/typescript/4.7/node_modules/@types/react/index.d.ts","/home/tumon/js/real-estate/utils/filterData.js","/home/tumon/js/real-estate/comps/SearchFilters.jsx"],"compilerOptions":{"module":1,"target":3,"jsx":1,"allowJs":true,"allowSyntheticDefaultImports":true,"allowNonTsExtensions":true,"noEmitForJsFiles":true,"maxNodeModuleJsDepth":2},"typeAcquisition":{"enable":true,"include":[],"exclude":[]},"unresolvedImports":[],"projectRootPath":"/home/tumon/js/real-estate/comps","kind":"discover"}
[22:55:31.210] Explicitly included types: []
[22:55:31.210] Inferred 'react' typings due to presence of '.jsx' extension
[22:55:31.210] Inferred typings from unresolved imports: []
[22:55:31.211] Result: {"cachedTypingPaths":["/home/tumon/.cache/typescript/4.7/node_modules/@types/react/index.d.ts"],"newTypingNames":[],"filesToWatch":["/home/tumon/js/real-estate/utils/bower_components","/home/tumon/js/real-estate/utils/node_modules","/home/tumon/js/real-estate/comps/bower_components","/home/tumon/js/real-estate/comps/node_modules"]}
[22:55:31.211] Finished typings discovery: {"cachedTypingPaths":["/home/tumon/.cache/typescript/4.7/node_modules/@types/react/index.d.ts"],"newTypingNames":[],"filesToWatch":["/home/tumon/js/real-estate/utils/bower_components","/home/tumon/js/real-estate/utils/node_modules","/home/tumon/js/real-estate/comps/bower_components","/home/tumon/js/real-estate/comps/node_modules"]}
[22:55:31.211] DirectoryWatcher:: Added:: WatchInfo: /home/tumon/js/real-estate/utils/bower_components
[22:55:31.211] DirectoryWatcher:: Added:: WatchInfo: /home/tumon/js/real-estate/utils/bower_components 1 undefined Project: /dev/null/inferredProject1* watcher already invoked: false
[22:55:31.211] Elapsed:: 0.11694899993017316ms DirectoryWatcher:: Added:: WatchInfo: /home/tumon/js/real-estate/utils/bower_components 1 undefined Project: /dev/null/inferredProject1* watcher already invoked: false
[22:55:31.211] DirectoryWatcher:: Added:: WatchInfo: /home/tumon/js/real-estate/utils/node_modules
[22:55:31.211] DirectoryWatcher:: Added:: WatchInfo: /home/tumon/js/real-estate/utils/node_modules 1 undefined Project: /dev/null/inferredProject1* watcher already invoked: false
[22:55:31.211] Elapsed:: 0.08494699979200959ms DirectoryWatcher:: Added:: WatchInfo: /home/tumon/js/real-estate/utils/node_modules 1 undefined Project: /dev/null/inferredProject1* watcher already invoked: false
[22:55:31.211] Sending response:
    {"projectName":"/dev/null/inferredProject1*","typeAcquisition":{"enable":true,"include":[],"exclude":[]},"compilerOptions":{"module":1,"target":3,"jsx":1,"allowJs":true,"allowSyntheticDefaultImports":true,"allowNonTsExtensions":true,"noEmitForJsFiles":true,"maxNodeModuleJsDepth":2},"typings":["/home/tumon/.cache/typescript/4.7/node_modules/@types/react/index.d.ts"],"unresolvedImports":[],"kind":"action::set"}
[22:55:31.211] Response has been sent.
[22:55:31.211] No new typings were requested as a result of typings discovery
