[01:59:33.875] Global cache location '/home/tumon/.cache/typescript/4.7', safe file path '/home/tumon/.emacs.d/.local/etc/.cache/lsp/npm/typescript/lib/node_modules/typescript/lib/typingSafeList.json', types map path /home/tumon/.emacs.d/.local/etc/.cache/lsp/npm/typescript/lib/node_modules/typescript/lib/typesMap.json
[01:59:33.876] Processing cache location '/home/tumon/.cache/typescript/4.7'
[01:59:33.876] Trying to find '/home/tumon/.cache/typescript/4.7/package.json'...
[01:59:33.878] Loaded content of '/home/tumon/.cache/typescript/4.7/package.json': {"private":true,"dependencies":{"types-registry":"^0.1.599"},"devDependencies":{"@types/adm-zip":"^0.5.0","@types/aos":"^3.0.4","@types/babel__core":"^7.1.19","@types/bn.js":"^5.1.0","@types/canvas-confetti":"^1.4.2","@types/cookie":"^0.5.1","@types/eslint":"^8.4.5","@types/eslint-config-prettier":"^6.11.0","@types/eslint-plugin-prettier":"^3.1.0","@types/express":"^4.17.13","@types/humps":"^2.0.1","@types/ledgerhq__hw-transport":"^4.21.4","@types/ledgerhq__hw-transport-webusb":"^4.70.1","@types/lodash":"^4.14.182","@types/node":"^17.0.41","@types/node-fetch":"^2.6.2","@types/nodemailer":"^6.4.4","@types/nprogress":"^0.2.0","@types/prettier":"^2.6.3","@types/progress":"^2.0.5","@types/react":"^18.0.14","@types/react-dom":"^18.0.5","@types/react-redux":"^7.1.24","@types/sass":"^1.43.1","@types/sass-loader":"^8.0.3","@types/superagent":"^4.1.15","@types/tailwindcss":"^3.0.11","@types/testing-library__jest-dom":"^5.14.5"}}
[01:59:33.879] Loaded content of '/home/tumon/.cache/typescript/4.7/package-lock.json'
[01:59:33.890] Adding entry into typings cache: 'adm-zip' => '/home/tumon/.cache/typescript/4.7/node_modules/@types/adm-zip/index.d.ts'
[01:59:33.895] Adding entry into typings cache: 'aos' => '/home/tumon/.cache/typescript/4.7/node_modules/@types/aos/index.d.ts'
[01:59:33.897] Adding entry into typings cache: 'babel__core' => '/home/tumon/.cache/typescript/4.7/node_modules/@types/babel__core/index.d.ts'
[01:59:33.899] Adding entry into typings cache: 'bn.js' => '/home/tumon/.cache/typescript/4.7/node_modules/@types/bn.js/index.d.ts'
[01:59:33.903] Adding entry into typings cache: 'canvas-confetti' => '/home/tumon/.cache/typescript/4.7/node_modules/@types/canvas-confetti/index.d.ts'
[01:59:33.906] Adding entry into typings cache: 'cookie' => '/home/tumon/.cache/typescript/4.7/node_modules/@types/cookie/index.d.ts'
[01:59:33.909] Adding entry into typings cache: 'eslint' => '/home/tumon/.cache/typescript/4.7/node_modules/@types/eslint/index.d.ts'
[01:59:33.913] Adding entry into typings cache: 'eslint-config-prettier' => '/home/tumon/.cache/typescript/4.7/node_modules/@types/eslint-config-prettier/index.d.ts'
[01:59:33.916] Adding entry into typings cache: 'eslint-plugin-prettier' => '/home/tumon/.cache/typescript/4.7/node_modules/@types/eslint-plugin-prettier/index.d.ts'
[01:59:33.918] Adding entry into typings cache: 'express' => '/home/tumon/.cache/typescript/4.7/node_modules/@types/express/index.d.ts'
[01:59:33.920] Adding entry into typings cache: 'humps' => '/home/tumon/.cache/typescript/4.7/node_modules/@types/humps/index.d.ts'
[01:59:33.925] Adding entry into typings cache: 'ledgerhq__hw-transport' => '/home/tumon/.cache/typescript/4.7/node_modules/@types/ledgerhq__hw-transport/index.d.ts'
[01:59:33.927] Adding entry into typings cache: 'ledgerhq__hw-transport-webusb' => '/home/tumon/.cache/typescript/4.7/node_modules/@types/ledgerhq__hw-transport-webusb/index.d.ts'
[01:59:33.935] Adding entry into typings cache: 'lodash' => '/home/tumon/.cache/typescript/4.7/node_modules/@types/lodash/index.d.ts'
[01:59:33.938] Adding entry into typings cache: 'node' => '/home/tumon/.cache/typescript/4.7/node_modules/@types/node/index.d.ts'
[01:59:33.940] Adding entry into typings cache: 'node-fetch' => '/home/tumon/.cache/typescript/4.7/node_modules/@types/node-fetch/index.d.ts'
[01:59:33.942] Adding entry into typings cache: 'nodemailer' => '/home/tumon/.cache/typescript/4.7/node_modules/@types/nodemailer/index.d.ts'
[01:59:33.943] Adding entry into typings cache: 'nprogress' => '/home/tumon/.cache/typescript/4.7/node_modules/@types/nprogress/index.d.ts'
[01:59:33.946] Adding entry into typings cache: 'prettier' => '/home/tumon/.cache/typescript/4.7/node_modules/@types/prettier/index.d.ts'
[01:59:33.948] Adding entry into typings cache: 'progress' => '/home/tumon/.cache/typescript/4.7/node_modules/@types/progress/index.d.ts'
[01:59:33.950] Adding entry into typings cache: 'react' => '/home/tumon/.cache/typescript/4.7/node_modules/@types/react/index.d.ts'
[01:59:33.952] Adding entry into typings cache: 'react-dom' => '/home/tumon/.cache/typescript/4.7/node_modules/@types/react-dom/index.d.ts'
[01:59:33.954] Adding entry into typings cache: 'react-redux' => '/home/tumon/.cache/typescript/4.7/node_modules/@types/react-redux/index.d.ts'
[01:59:33.956] Adding entry into typings cache: 'sass' => '/home/tumon/.cache/typescript/4.7/node_modules/@types/sass/index.d.ts'
[01:59:33.957] Adding entry into typings cache: 'sass-loader' => '/home/tumon/.cache/typescript/4.7/node_modules/@types/sass-loader/index.d.ts'
[01:59:33.960] Adding entry into typings cache: 'superagent' => '/home/tumon/.cache/typescript/4.7/node_modules/@types/superagent/index.d.ts'
[01:59:33.962] Adding entry into typings cache: 'tailwindcss' => '/home/tumon/.cache/typescript/4.7/node_modules/@types/tailwindcss/index.d.ts'
[01:59:33.964] Adding entry into typings cache: 'testing-library__jest-dom' => '/home/tumon/.cache/typescript/4.7/node_modules/@types/testing-library__jest-dom/index.d.ts'
[01:59:33.964] Finished processing cache location '/home/tumon/.cache/typescript/4.7'
[01:59:33.964] Process id: 4856
[01:59:33.964] NPM location: /home/tumon/n/bin/npm (explicit '--npmLocation' not  provided)
[01:59:33.964] validateDefaultNpmLocation: false
[01:59:33.964] Npm config file: /home/tumon/.cache/typescript/4.7/package.json
[01:59:33.964] Updating types-registry npm package...
[01:59:33.965] Exec: /home/tumon/n/bin/npm install --ignore-scripts types-registry@latest
[01:59:35.546]     Succeeded. stdout:
    
    up to date, audited 90 packages in 1s

4 packages are looking for funding
  run `npm fund` for details

found 0 vulnerabilities

[01:59:35.546] Updated types-registry npm package
[01:59:35.998] Got install request {"projectName":"/dev/null/inferredProject1*","fileNames":["/home/tumon/.emacs.d/.local/etc/.cache/lsp/npm/typescript/lib/node_modules/typescript/lib/lib.es5.d.ts","/home/tumon/.emacs.d/.local/etc/.cache/lsp/npm/typescript/lib/node_modules/typescript/lib/lib.es2015.d.ts","/home/tumon/.emacs.d/.local/etc/.cache/lsp/npm/typescript/lib/node_modules/typescript/lib/lib.es2016.d.ts","/home/tumon/.emacs.d/.local/etc/.cache/lsp/npm/typescript/lib/node_modules/typescript/lib/lib.dom.d.ts","/home/tumon/.emacs.d/.local/etc/.cache/lsp/npm/typescript/lib/node_modules/typescript/lib/lib.dom.iterable.d.ts","/home/tumon/.emacs.d/.local/etc/.cache/lsp/npm/typescript/lib/node_modules/typescript/lib/lib.webworker.importscripts.d.ts","/home/tumon/.emacs.d/.local/etc/.cache/lsp/npm/typescript/lib/node_modules/typescript/lib/lib.scripthost.d.ts","/home/tumon/.emacs.d/.local/etc/.cache/lsp/npm/typescript/lib/node_modules/typescript/lib/lib.es2015.core.d.ts","/home/tumon/.emacs.d/.local/etc/.cache/lsp/npm/typescript/lib/node_modules/typescript/lib/lib.es2015.collection.d.ts","/home/tumon/.emacs.d/.local/etc/.cache/lsp/npm/typescript/lib/node_modules/typescript/lib/lib.es2015.generator.d.ts","/home/tumon/.emacs.d/.local/etc/.cache/lsp/npm/typescript/lib/node_modules/typescript/lib/lib.es2015.iterable.d.ts","/home/tumon/.emacs.d/.local/etc/.cache/lsp/npm/typescript/lib/node_modules/typescript/lib/lib.es2015.promise.d.ts","/home/tumon/.emacs.d/.local/etc/.cache/lsp/npm/typescript/lib/node_modules/typescript/lib/lib.es2015.proxy.d.ts","/home/tumon/.emacs.d/.local/etc/.cache/lsp/npm/typescript/lib/node_modules/typescript/lib/lib.es2015.reflect.d.ts","/home/tumon/.emacs.d/.local/etc/.cache/lsp/npm/typescript/lib/node_modules/typescript/lib/lib.es2015.symbol.d.ts","/home/tumon/.emacs.d/.local/etc/.cache/lsp/npm/typescript/lib/node_modules/typescript/lib/lib.es2015.symbol.wellknown.d.ts","/home/tumon/.emacs.d/.local/etc/.cache/lsp/npm/typescript/lib/node_modules/typescript/lib/lib.es2016.array.include.d.ts","/home/tumon/.emacs.d/.local/etc/.cache/lsp/npm/typescript/lib/node_modules/typescript/lib/lib.es2016.full.d.ts","/home/tumon/js/real-estate/utils/filterData.js","/home/tumon/js/real-estate/comps/SearchFilters.jsx"],"compilerOptions":{"module":1,"target":3,"jsx":1,"allowJs":true,"allowSyntheticDefaultImports":true,"allowNonTsExtensions":true,"noEmitForJsFiles":true,"maxNodeModuleJsDepth":2},"typeAcquisition":{"enable":true,"include":[],"exclude":[]},"unresolvedImports":[],"projectRootPath":"/home/tumon/js/real-estate/comps","kind":"discover"}
[01:59:36.011] Loaded safelist from types map file '/home/tumon/.emacs.d/.local/etc/.cache/lsp/npm/typescript/lib/node_modules/typescript/lib/typesMap.json'
[01:59:36.012] Explicitly included types: []
[01:59:36.012] Inferred 'react' typings due to presence of '.jsx' extension
[01:59:36.012] Inferred typings from unresolved imports: []
[01:59:36.013] Result: {"cachedTypingPaths":["/home/tumon/.cache/typescript/4.7/node_modules/@types/react/index.d.ts"],"newTypingNames":[],"filesToWatch":["/home/tumon/js/real-estate/utils/bower_components","/home/tumon/js/real-estate/utils/node_modules","/home/tumon/js/real-estate/comps/bower_components","/home/tumon/js/real-estate/comps/node_modules"]}
[01:59:36.013] Finished typings discovery: {"cachedTypingPaths":["/home/tumon/.cache/typescript/4.7/node_modules/@types/react/index.d.ts"],"newTypingNames":[],"filesToWatch":["/home/tumon/js/real-estate/utils/bower_components","/home/tumon/js/real-estate/utils/node_modules","/home/tumon/js/real-estate/comps/bower_components","/home/tumon/js/real-estate/comps/node_modules"]}
[01:59:36.013] DirectoryWatcher:: Added:: WatchInfo: /home/tumon/js/real-estate/utils/bower_components
[01:59:36.013] DirectoryWatcher:: Added:: WatchInfo: /home/tumon/js/real-estate/utils/bower_components 1 undefined Project: /dev/null/inferredProject1* watcher already invoked: false
[01:59:36.015] Elapsed:: 1.2851709999376908ms DirectoryWatcher:: Added:: WatchInfo: /home/tumon/js/real-estate/utils/bower_components 1 undefined Project: /dev/null/inferredProject1* watcher already invoked: false
[01:59:36.015] DirectoryWatcher:: Added:: WatchInfo: /home/tumon/js/real-estate/utils/node_modules
[01:59:36.015] DirectoryWatcher:: Added:: WatchInfo: /home/tumon/js/real-estate/utils/node_modules 1 undefined Project: /dev/null/inferredProject1* watcher already invoked: false
[01:59:36.015] Elapsed:: 0.14153899997472763ms DirectoryWatcher:: Added:: WatchInfo: /home/tumon/js/real-estate/utils/node_modules 1 undefined Project: /dev/null/inferredProject1* watcher already invoked: false
[01:59:36.015] DirectoryWatcher:: Added:: WatchInfo: /home/tumon/js/real-estate/comps/bower_components
[01:59:36.015] DirectoryWatcher:: Added:: WatchInfo: /home/tumon/js/real-estate/comps/bower_components 1 undefined Project: /dev/null/inferredProject1* watcher already invoked: false
[01:59:36.015] Elapsed:: 0.07900200004223734ms DirectoryWatcher:: Added:: WatchInfo: /home/tumon/js/real-estate/comps/bower_components 1 undefined Project: /dev/null/inferredProject1* watcher already invoked: false
[01:59:36.015] DirectoryWatcher:: Added:: WatchInfo: /home/tumon/js/real-estate/comps/node_modules
[01:59:36.015] DirectoryWatcher:: Added:: WatchInfo: /home/tumon/js/real-estate/comps/node_modules 1 undefined Project: /dev/null/inferredProject1* watcher already invoked: false
[01:59:36.016] Elapsed:: 0.06476699991617352ms DirectoryWatcher:: Added:: WatchInfo: /home/tumon/js/real-estate/comps/node_modules 1 undefined Project: /dev/null/inferredProject1* watcher already invoked: false
[01:59:36.016] Sending response:
    {"projectName":"/dev/null/inferredProject1*","typeAcquisition":{"enable":true,"include":[],"exclude":[]},"compilerOptions":{"module":1,"target":3,"jsx":1,"allowJs":true,"allowSyntheticDefaultImports":true,"allowNonTsExtensions":true,"noEmitForJsFiles":true,"maxNodeModuleJsDepth":2},"typings":["/home/tumon/.cache/typescript/4.7/node_modules/@types/react/index.d.ts"],"unresolvedImports":[],"kind":"action::set"}
[01:59:36.016] Response has been sent.
[01:59:36.016] No new typings were requested as a result of typings discovery
[02:01:44.426] Got install request {"projectName":"/dev/null/inferredProject1*","fileNames":["/home/tumon/.emacs.d/.local/etc/.cache/lsp/npm/typescript/lib/node_modules/typescript/lib/lib.es5.d.ts","/home/tumon/.emacs.d/.local/etc/.cache/lsp/npm/typescript/lib/node_modules/typescript/lib/lib.es2015.d.ts","/home/tumon/.emacs.d/.local/etc/.cache/lsp/npm/typescript/lib/node_modules/typescript/lib/lib.es2016.d.ts","/home/tumon/.emacs.d/.local/etc/.cache/lsp/npm/typescript/lib/node_modules/typescript/lib/lib.dom.d.ts","/home/tumon/.emacs.d/.local/etc/.cache/lsp/npm/typescript/lib/node_modules/typescript/lib/lib.dom.iterable.d.ts","/home/tumon/.emacs.d/.local/etc/.cache/lsp/npm/typescript/lib/node_modules/typescript/lib/lib.webworker.importscripts.d.ts","/home/tumon/.emacs.d/.local/etc/.cache/lsp/npm/typescript/lib/node_modules/typescript/lib/lib.scripthost.d.ts","/home/tumon/.emacs.d/.local/etc/.cache/lsp/npm/typescript/lib/node_modules/typescript/lib/lib.es2015.core.d.ts","/home/tumon/.emacs.d/.local/etc/.cache/lsp/npm/typescript/lib/node_modules/typescript/lib/lib.es2015.collection.d.ts","/home/tumon/.emacs.d/.local/etc/.cache/lsp/npm/typescript/lib/node_modules/typescript/lib/lib.es2015.generator.d.ts","/home/tumon/.emacs.d/.local/etc/.cache/lsp/npm/typescript/lib/node_modules/typescript/lib/lib.es2015.iterable.d.ts","/home/tumon/.emacs.d/.local/etc/.cache/lsp/npm/typescript/lib/node_modules/typescript/lib/lib.es2015.promise.d.ts","/home/tumon/.emacs.d/.local/etc/.cache/lsp/npm/typescript/lib/node_modules/typescript/lib/lib.es2015.proxy.d.ts","/home/tumon/.emacs.d/.local/etc/.cache/lsp/npm/typescript/lib/node_modules/typescript/lib/lib.es2015.reflect.d.ts","/home/tumon/.emacs.d/.local/etc/.cache/lsp/npm/typescript/lib/node_modules/typescript/lib/lib.es2015.symbol.d.ts","/home/tumon/.emacs.d/.local/etc/.cache/lsp/npm/typescript/lib/node_modules/typescript/lib/lib.es2015.symbol.wellknown.d.ts","/home/tumon/.emacs.d/.local/etc/.cache/lsp/npm/typescript/lib/node_modules/typescript/lib/lib.es2016.array.include.d.ts","/home/tumon/.emacs.d/.local/etc/.cache/lsp/npm/typescript/lib/node_modules/typescript/lib/lib.es2016.full.d.ts","/home/tumon/.cache/typescript/4.7/node_modules/@types/react/global.d.ts","/home/tumon/.cache/typescript/4.7/node_modules/@types/react/index.d.ts","/home/tumon/js/real-estate/utils/filterData.js","/home/tumon/js/real-estate/comps/SearchFilters.jsx"],"compilerOptions":{"module":1,"target":3,"jsx":1,"allowJs":true,"allowSyntheticDefaultImports":true,"allowNonTsExtensions":true,"noEmitForJsFiles":true,"maxNodeModuleJsDepth":2},"typeAcquisition":{"enable":true,"include":[],"exclude":[]},"unresolvedImports":[],"projectRootPath":"/home/tumon/js/real-estate/comps","kind":"discover"}
[02:01:44.426] Explicitly included types: []
[02:01:44.426] Inferred 'react' typings due to presence of '.jsx' extension
[02:01:44.426] Inferred typings from unresolved imports: []
[02:01:44.427] Result: {"cachedTypingPaths":["/home/tumon/.cache/typescript/4.7/node_modules/@types/react/index.d.ts"],"newTypingNames":[],"filesToWatch":["/home/tumon/js/real-estate/utils/bower_components","/home/tumon/js/real-estate/utils/node_modules","/home/tumon/js/real-estate/comps/bower_components","/home/tumon/js/real-estate/comps/node_modules"]}
[02:01:44.427] Finished typings discovery: {"cachedTypingPaths":["/home/tumon/.cache/typescript/4.7/node_modules/@types/react/index.d.ts"],"newTypingNames":[],"filesToWatch":["/home/tumon/js/real-estate/utils/bower_components","/home/tumon/js/real-estate/utils/node_modules","/home/tumon/js/real-estate/comps/bower_components","/home/tumon/js/real-estate/comps/node_modules"]}
[02:01:44.427] Sending response:
    {"projectName":"/dev/null/inferredProject1*","typeAcquisition":{"enable":true,"include":[],"exclude":[]},"compilerOptions":{"module":1,"target":3,"jsx":1,"allowJs":true,"allowSyntheticDefaultImports":true,"allowNonTsExtensions":true,"noEmitForJsFiles":true,"maxNodeModuleJsDepth":2},"typings":["/home/tumon/.cache/typescript/4.7/node_modules/@types/react/index.d.ts"],"unresolvedImports":[],"kind":"action::set"}
[02:01:44.427] Response has been sent.
[02:01:44.427] No new typings were requested as a result of typings discovery
