[02:07:44.964] Global cache location '/home/tumon/.cache/typescript/4.7', safe file path '/home/tumon/.emacs.d/.local/etc/.cache/lsp/npm/typescript/lib/node_modules/typescript/lib/typingSafeList.json', types map path /home/tumon/.emacs.d/.local/etc/.cache/lsp/npm/typescript/lib/node_modules/typescript/lib/typesMap.json
[02:07:44.965] Processing cache location '/home/tumon/.cache/typescript/4.7'
[02:07:44.965] Trying to find '/home/tumon/.cache/typescript/4.7/package.json'...
[02:07:44.967] Loaded content of '/home/tumon/.cache/typescript/4.7/package.json': {"private":true,"dependencies":{"types-registry":"^0.1.599"},"devDependencies":{"@types/adm-zip":"^0.5.0","@types/aos":"^3.0.4","@types/babel__core":"^7.1.19","@types/bn.js":"^5.1.0","@types/canvas-confetti":"^1.4.2","@types/cookie":"^0.5.1","@types/eslint":"^8.4.5","@types/eslint-config-prettier":"^6.11.0","@types/eslint-plugin-prettier":"^3.1.0","@types/express":"^4.17.13","@types/humps":"^2.0.1","@types/ledgerhq__hw-transport":"^4.21.4","@types/ledgerhq__hw-transport-webusb":"^4.70.1","@types/lodash":"^4.14.182","@types/node":"^17.0.41","@types/node-fetch":"^2.6.2","@types/nodemailer":"^6.4.4","@types/nprogress":"^0.2.0","@types/prettier":"^2.6.3","@types/progress":"^2.0.5","@types/react":"^18.0.14","@types/react-dom":"^18.0.5","@types/react-redux":"^7.1.24","@types/sass":"^1.43.1","@types/sass-loader":"^8.0.3","@types/superagent":"^4.1.15","@types/tailwindcss":"^3.0.11","@types/testing-library__jest-dom":"^5.14.5"}}
[02:07:44.967] Loaded content of '/home/tumon/.cache/typescript/4.7/package-lock.json'
[02:07:44.979] Adding entry into typings cache: 'adm-zip' => '/home/tumon/.cache/typescript/4.7/node_modules/@types/adm-zip/index.d.ts'
[02:07:44.982] Adding entry into typings cache: 'aos' => '/home/tumon/.cache/typescript/4.7/node_modules/@types/aos/index.d.ts'
[02:07:44.984] Adding entry into typings cache: 'babel__core' => '/home/tumon/.cache/typescript/4.7/node_modules/@types/babel__core/index.d.ts'
[02:07:44.985] Adding entry into typings cache: 'bn.js' => '/home/tumon/.cache/typescript/4.7/node_modules/@types/bn.js/index.d.ts'
[02:07:44.986] Adding entry into typings cache: 'canvas-confetti' => '/home/tumon/.cache/typescript/4.7/node_modules/@types/canvas-confetti/index.d.ts'
[02:07:44.987] Adding entry into typings cache: 'cookie' => '/home/tumon/.cache/typescript/4.7/node_modules/@types/cookie/index.d.ts'
[02:07:44.989] Adding entry into typings cache: 'eslint' => '/home/tumon/.cache/typescript/4.7/node_modules/@types/eslint/index.d.ts'
[02:07:44.990] Adding entry into typings cache: 'eslint-config-prettier' => '/home/tumon/.cache/typescript/4.7/node_modules/@types/eslint-config-prettier/index.d.ts'
[02:07:44.991] Adding entry into typings cache: 'eslint-plugin-prettier' => '/home/tumon/.cache/typescript/4.7/node_modules/@types/eslint-plugin-prettier/index.d.ts'
[02:07:44.993] Adding entry into typings cache: 'express' => '/home/tumon/.cache/typescript/4.7/node_modules/@types/express/index.d.ts'
[02:07:44.994] Adding entry into typings cache: 'humps' => '/home/tumon/.cache/typescript/4.7/node_modules/@types/humps/index.d.ts'
[02:07:44.997] Adding entry into typings cache: 'ledgerhq__hw-transport' => '/home/tumon/.cache/typescript/4.7/node_modules/@types/ledgerhq__hw-transport/index.d.ts'
[02:07:44.998] Adding entry into typings cache: 'ledgerhq__hw-transport-webusb' => '/home/tumon/.cache/typescript/4.7/node_modules/@types/ledgerhq__hw-transport-webusb/index.d.ts'
[02:07:45.000] Adding entry into typings cache: 'lodash' => '/home/tumon/.cache/typescript/4.7/node_modules/@types/lodash/index.d.ts'
[02:07:45.004] Adding entry into typings cache: 'node' => '/home/tumon/.cache/typescript/4.7/node_modules/@types/node/index.d.ts'
[02:07:45.005] Adding entry into typings cache: 'node-fetch' => '/home/tumon/.cache/typescript/4.7/node_modules/@types/node-fetch/index.d.ts'
[02:07:45.006] Adding entry into typings cache: 'nodemailer' => '/home/tumon/.cache/typescript/4.7/node_modules/@types/nodemailer/index.d.ts'
[02:07:45.007] Adding entry into typings cache: 'nprogress' => '/home/tumon/.cache/typescript/4.7/node_modules/@types/nprogress/index.d.ts'
[02:07:45.008] Adding entry into typings cache: 'prettier' => '/home/tumon/.cache/typescript/4.7/node_modules/@types/prettier/index.d.ts'
[02:07:45.009] Adding entry into typings cache: 'progress' => '/home/tumon/.cache/typescript/4.7/node_modules/@types/progress/index.d.ts'
[02:07:45.012] Adding entry into typings cache: 'react' => '/home/tumon/.cache/typescript/4.7/node_modules/@types/react/index.d.ts'
[02:07:45.013] Adding entry into typings cache: 'react-dom' => '/home/tumon/.cache/typescript/4.7/node_modules/@types/react-dom/index.d.ts'
[02:07:45.015] Adding entry into typings cache: 'react-redux' => '/home/tumon/.cache/typescript/4.7/node_modules/@types/react-redux/index.d.ts'
[02:07:45.016] Adding entry into typings cache: 'sass' => '/home/tumon/.cache/typescript/4.7/node_modules/@types/sass/index.d.ts'
[02:07:45.017] Adding entry into typings cache: 'sass-loader' => '/home/tumon/.cache/typescript/4.7/node_modules/@types/sass-loader/index.d.ts'
[02:07:45.018] Adding entry into typings cache: 'superagent' => '/home/tumon/.cache/typescript/4.7/node_modules/@types/superagent/index.d.ts'
[02:07:45.019] Adding entry into typings cache: 'tailwindcss' => '/home/tumon/.cache/typescript/4.7/node_modules/@types/tailwindcss/index.d.ts'
[02:07:45.019] Adding entry into typings cache: 'testing-library__jest-dom' => '/home/tumon/.cache/typescript/4.7/node_modules/@types/testing-library__jest-dom/index.d.ts'
[02:07:45.019] Finished processing cache location '/home/tumon/.cache/typescript/4.7'
[02:07:45.020] Process id: 5240
[02:07:45.020] NPM location: /home/tumon/n/bin/npm (explicit '--npmLocation' not  provided)
[02:07:45.020] validateDefaultNpmLocation: false
[02:07:45.020] Npm config file: /home/tumon/.cache/typescript/4.7/package.json
[02:07:45.020] Updating types-registry npm package...
[02:07:45.020] Exec: /home/tumon/n/bin/npm install --ignore-scripts types-registry@latest
[02:07:46.314]     Succeeded. stdout:
    
    up to date, audited 90 packages in 1s

4 packages are looking for funding
  run `npm fund` for details

found 0 vulnerabilities

[02:07:46.314] Updated types-registry npm package
[02:07:46.944] Got install request {"projectName":"/dev/null/inferredProject1*","fileNames":["/home/tumon/.emacs.d/.local/etc/.cache/lsp/npm/typescript/lib/node_modules/typescript/lib/lib.es5.d.ts","/home/tumon/.emacs.d/.local/etc/.cache/lsp/npm/typescript/lib/node_modules/typescript/lib/lib.es2015.d.ts","/home/tumon/.emacs.d/.local/etc/.cache/lsp/npm/typescript/lib/node_modules/typescript/lib/lib.es2016.d.ts","/home/tumon/.emacs.d/.local/etc/.cache/lsp/npm/typescript/lib/node_modules/typescript/lib/lib.dom.d.ts","/home/tumon/.emacs.d/.local/etc/.cache/lsp/npm/typescript/lib/node_modules/typescript/lib/lib.dom.iterable.d.ts","/home/tumon/.emacs.d/.local/etc/.cache/lsp/npm/typescript/lib/node_modules/typescript/lib/lib.webworker.importscripts.d.ts","/home/tumon/.emacs.d/.local/etc/.cache/lsp/npm/typescript/lib/node_modules/typescript/lib/lib.scripthost.d.ts","/home/tumon/.emacs.d/.local/etc/.cache/lsp/npm/typescript/lib/node_modules/typescript/lib/lib.es2015.core.d.ts","/home/tumon/.emacs.d/.local/etc/.cache/lsp/npm/typescript/lib/node_modules/typescript/lib/lib.es2015.collection.d.ts","/home/tumon/.emacs.d/.local/etc/.cache/lsp/npm/typescript/lib/node_modules/typescript/lib/lib.es2015.generator.d.ts","/home/tumon/.emacs.d/.local/etc/.cache/lsp/npm/typescript/lib/node_modules/typescript/lib/lib.es2015.iterable.d.ts","/home/tumon/.emacs.d/.local/etc/.cache/lsp/npm/typescript/lib/node_modules/typescript/lib/lib.es2015.promise.d.ts","/home/tumon/.emacs.d/.local/etc/.cache/lsp/npm/typescript/lib/node_modules/typescript/lib/lib.es2015.proxy.d.ts","/home/tumon/.emacs.d/.local/etc/.cache/lsp/npm/typescript/lib/node_modules/typescript/lib/lib.es2015.reflect.d.ts","/home/tumon/.emacs.d/.local/etc/.cache/lsp/npm/typescript/lib/node_modules/typescript/lib/lib.es2015.symbol.d.ts","/home/tumon/.emacs.d/.local/etc/.cache/lsp/npm/typescript/lib/node_modules/typescript/lib/lib.es2015.symbol.wellknown.d.ts","/home/tumon/.emacs.d/.local/etc/.cache/lsp/npm/typescript/lib/node_modules/typescript/lib/lib.es2016.array.include.d.ts","/home/tumon/.emacs.d/.local/etc/.cache/lsp/npm/typescript/lib/node_modules/typescript/lib/lib.es2016.full.d.ts","/home/tumon/js/real-estate/utils/filterData.js","/home/tumon/js/real-estate/comps/SearchFilters.jsx"],"compilerOptions":{"module":1,"target":3,"jsx":1,"allowJs":true,"allowSyntheticDefaultImports":true,"allowNonTsExtensions":true,"noEmitForJsFiles":true,"maxNodeModuleJsDepth":2},"typeAcquisition":{"enable":true,"include":[],"exclude":[]},"unresolvedImports":[],"projectRootPath":"/home/tumon/js/real-estate/comps","kind":"discover"}
[02:07:46.959] Loaded safelist from types map file '/home/tumon/.emacs.d/.local/etc/.cache/lsp/npm/typescript/lib/node_modules/typescript/lib/typesMap.json'
[02:07:46.959] Explicitly included types: []
[02:07:46.960] Inferred 'react' typings due to presence of '.jsx' extension
[02:07:46.960] Inferred typings from unresolved imports: []
[02:07:46.960] Result: {"cachedTypingPaths":["/home/tumon/.cache/typescript/4.7/node_modules/@types/react/index.d.ts"],"newTypingNames":[],"filesToWatch":["/home/tumon/js/real-estate/utils/bower_components","/home/tumon/js/real-estate/utils/node_modules","/home/tumon/js/real-estate/comps/bower_components","/home/tumon/js/real-estate/comps/node_modules"]}
[02:07:46.960] Finished typings discovery: {"cachedTypingPaths":["/home/tumon/.cache/typescript/4.7/node_modules/@types/react/index.d.ts"],"newTypingNames":[],"filesToWatch":["/home/tumon/js/real-estate/utils/bower_components","/home/tumon/js/real-estate/utils/node_modules","/home/tumon/js/real-estate/comps/bower_components","/home/tumon/js/real-estate/comps/node_modules"]}
[02:07:46.960] DirectoryWatcher:: Added:: WatchInfo: /home/tumon/js/real-estate/utils/bower_components
[02:07:46.961] DirectoryWatcher:: Added:: WatchInfo: /home/tumon/js/real-estate/utils/bower_components 1 undefined Project: /dev/null/inferredProject1* watcher already invoked: false
[02:07:46.962] Elapsed:: 1.5804490000009537ms DirectoryWatcher:: Added:: WatchInfo: /home/tumon/js/real-estate/utils/bower_components 1 undefined Project: /dev/null/inferredProject1* watcher already invoked: false
[02:07:46.962] DirectoryWatcher:: Added:: WatchInfo: /home/tumon/js/real-estate/utils/node_modules
[02:07:46.963] DirectoryWatcher:: Added:: WatchInfo: /home/tumon/js/real-estate/utils/node_modules 1 undefined Project: /dev/null/inferredProject1* watcher already invoked: false
[02:07:46.963] Elapsed:: 0.09502399992197752ms DirectoryWatcher:: Added:: WatchInfo: /home/tumon/js/real-estate/utils/node_modules 1 undefined Project: /dev/null/inferredProject1* watcher already invoked: false
[02:07:46.963] DirectoryWatcher:: Added:: WatchInfo: /home/tumon/js/real-estate/comps/bower_components
[02:07:46.963] DirectoryWatcher:: Added:: WatchInfo: /home/tumon/js/real-estate/comps/bower_components 1 undefined Project: /dev/null/inferredProject1* watcher already invoked: false
[02:07:46.963] Elapsed:: 0.07624600012786686ms DirectoryWatcher:: Added:: WatchInfo: /home/tumon/js/real-estate/comps/bower_components 1 undefined Project: /dev/null/inferredProject1* watcher already invoked: false
[02:07:46.963] DirectoryWatcher:: Added:: WatchInfo: /home/tumon/js/real-estate/comps/node_modules
[02:07:46.963] DirectoryWatcher:: Added:: WatchInfo: /home/tumon/js/real-estate/comps/node_modules 1 undefined Project: /dev/null/inferredProject1* watcher already invoked: false
[02:07:46.963] Elapsed:: 0.07440699986182153ms DirectoryWatcher:: Added:: WatchInfo: /home/tumon/js/real-estate/comps/node_modules 1 undefined Project: /dev/null/inferredProject1* watcher already invoked: false
[02:07:46.963] Sending response:
    {"projectName":"/dev/null/inferredProject1*","typeAcquisition":{"enable":true,"include":[],"exclude":[]},"compilerOptions":{"module":1,"target":3,"jsx":1,"allowJs":true,"allowSyntheticDefaultImports":true,"allowNonTsExtensions":true,"noEmitForJsFiles":true,"maxNodeModuleJsDepth":2},"typings":["/home/tumon/.cache/typescript/4.7/node_modules/@types/react/index.d.ts"],"unresolvedImports":[],"kind":"action::set"}
[02:07:46.964] Response has been sent.
[02:07:46.964] No new typings were requested as a result of typings discovery
